<?xml version="1.0" encoding="UTF-8"?>
<!-- Generated by org.testng.reporters.JUnitXMLReporter -->
<testsuite hostname="DESKTOP-GEM2PDO" ignored="0" name="Surefire test" tests="4" failures="0" timestamp="2021-11-27T23:02:32 EET" time="184.987" errors="0">
  <testcase name="FirstTest" time="11.934" classname="MusalaSoft_Project.MusalaSoft_Assignment.AssignmentTests"/>
  <testcase name="FourthTest" time="23.247" classname="MusalaSoft_Project.MusalaSoft_Assignment.AssignmentTests"/>
  <testcase name="SecondTest" time="21.431" classname="MusalaSoft_Project.MusalaSoft_Assignment.AssignmentTests"/>
  <testcase name="ThirdTest" time="21.391" classname="MusalaSoft_Project.MusalaSoft_Assignment.AssignmentTests"/>
</testsuite> <!-- Surefire test -->
