<?xml version="1.0" encoding="UTF-8"?>
<testsuite xmlns:xsi="http://www.w3.org/2001/XMLSchema-instance" xsi:noNamespaceSchemaLocation="https://maven.apache.org/surefire/maven-surefire-plugin/xsd/surefire-test-report.xsd" name="MusalaSoft_Project.MusalaSoft_Assignment.AssignmentTests" time="196.326" tests="4" errors="0" skipped="0" failures="0">
  <properties>
[...]
</properties>
  <testcase name="FirstTest" classname="MusalaSoft_Project.MusalaSoft_Assignment.AssignmentTests" time="11.963"/>
  <testcase name="FourthTest" classname="MusalaSoft_Project.MusalaSoft_Assignment.AssignmentTests" time="23.248"/>
  <testcase name="SecondTest" classname="MusalaSoft_Project.MusalaSoft_Assignment.AssignmentTests" time="21.431"/>
  <testcase name="ThirdTest" classname="MusalaSoft_Project.MusalaSoft_Assignment.AssignmentTests" time="21.391"/>
</testsuite>